\BOOKMARK [1][-]{Doc-Start}{\376\377\000P\000a\000g\000e\000\040\000t\000i\000t\000r\000e}{}% 1
\BOOKMARK [1][-]{Doc-Start}{\376\377\000C\000o\000m\000p\000o\000s\000i\000t\000i\000o\000n\000\040\000d\000u\000\040\000j\000u\000r\000y}{}% 2
\BOOKMARK [1][-]{Doc-Start}{\376\377\000R\000e\000m\000e\000r\000c\000i\000e\000m\000e\000n\000t\000s}{}% 3
\BOOKMARK [1][-]{Doc-Start}{\376\377\000S\000o\000m\000m\000a\000i\000r\000e}{}% 4
\BOOKMARK [1][-]{Doc-Start}{\376\377\000A\000b\000s\000t\000r\000a\000c\000t}{}% 5
\BOOKMARK [1][-]{Doc-Start}{\376\377\000L\000i\000s\000t\000e\000\040\000d\000e\000s\000\040\000t\000a\000b\000l\000e\000a\000u\000x}{}% 6
\BOOKMARK [1][-]{Doc-Start}{\376\377\000L\000i\000s\000t\000e\000\040\000d\000e\000s\000\040\000f\000i\000g\000u\000r\000e\000s}{}% 7
\BOOKMARK [1][-]{Doc-Start}{\376\377\000L\000i\000s\000t\000e\000\040\000d\000e\000s\000\040\000s\000y\000m\000b\000o\000l\000e\000s}{}% 8
\BOOKMARK [1][-]{section.1}{\376\377\000I\000N\000T\000R\000O\000D\000U\000C\000T\000I\000O\000N\000\040\000D\000E\000S\000\040\000P\000R\000O\000C\000\311\000D\000U\000R\000E\000S\000\040\000D\000I\000R\000E\000C\000T\000E\000S\000\040\000P\000O\000U\000R\000\040\000L\000E\000S\000\040\000M\000E\000S\000U\000R\000E\000S\000\040\000Q\000U\000A\000N\000T\000I\000Q\000U\000E\000S}{}% 9
\BOOKMARK [2][-]{subsection.1.1}{\376\377\000I\000n\000t\000r\000o\000d\000u\000c\000t\000i\000o\000n}{section.1}% 10
\BOOKMARK [2][-]{subsection.1.2}{\376\377\000M\000o\000t\000i\000v\000a\000t\000i\000o\000n\000\040\000d\000e\000\040\000l\000a\000\040\000t\000h\000\350\000s\000e}{section.1}% 11
\BOOKMARK [1][-]{section.2}{\376\377\000L\000E\000S\000\040\000M\000E\000S\000U\000R\000E\000S\000\040\000F\000A\000I\000B\000L\000E\000S\000\040\000T\000E\000M\000P\000O\000R\000E\000L\000L\000E\000S\000\040\000D\000'\000U\000N\000\040\000S\000Y\000S\000T\000\310\000M\000E\000\040\000Q\000U\000A\000N\000T\000I\000Q\000U\000E}{}% 12
\BOOKMARK [2][-]{subsection.2.1}{\376\377\000L\000a\000\040\000t\000o\000m\000o\000g\000r\000a\000p\000h\000i\000e\000\040\000q\000u\000a\000n\000t\000i\000q\000u\000e}{section.2}% 13
\BOOKMARK [2][-]{subsection.2.2}{\376\377\000I\000n\000t\000r\000o\000d\000u\000c\000t\000i\000o\000n\000\040\000a\000u\000x\000\040\000m\000e\000s\000u\000r\000e\000s\000\040\000f\000a\000i\000b\000l\000e\000s}{section.2}% 14
\BOOKMARK [2][-]{subsection.2.3}{\376\377\000F\000o\000n\000d\000a\000m\000e\000n\000t\000a\000u\000x\000\040\000t\000h\000\351\000o\000r\000i\000q\000u\000e\000\040\000d\000e\000s\000\040\000m\000e\000s\000u\000r\000e\000s\000\040\000f\000a\000i\000b\000l\000e\000s}{section.2}% 15
\BOOKMARK [2][-]{subsection.2.4}{\376\377\000P\000r\000o\000p\000o\000s\000i\000t\000i\000o\000n\000\040\000d\000'\000u\000n\000e\000\040\000p\000r\000o\000c\000\351\000d\000u\000r\000e\000\040\000d\000i\000r\000e\000c\000t\000e\000\040\000a\000v\000e\000c\000\040\000u\000n\000e\000\040\000m\000e\000s\000u\000r\000e\000\040\000f\000a\000i\000b\000l\000e\000\040\000t\000e\000m\000p\000o\000r\000e\000l\000l\000e}{section.2}% 16
\BOOKMARK [3][-]{subsubsection.2.4.1}{\376\377\000L\000a\000\040\000p\000a\000r\000t\000i\000e\000\040\000r\000\351\000e\000l\000l\000e\000\040\000d\000u\000\040\000s\000y\000s\000t\000\350\000m\000e}{subsection.2.4}% 17
\BOOKMARK [3][-]{subsubsection.2.4.2}{\376\377\000L\000a\000\040\000p\000a\000r\000t\000i\000e\000\040\000i\000m\000a\000g\000i\000n\000a\000i\000r\000e\000\040\000d\000u\000\040\000s\000y\000s\000t\000\350\000m\000e}{subsection.2.4}% 18
\BOOKMARK [2][-]{subsection.2.5}{\376\377\000P\000r\000o\000p\000o\000s\000i\000t\000i\000o\000n\000\040\000e\000x\000p\000\351\000r\000i\000m\000e\000n\000t\000a\000l\000e\000\040\000p\000o\000u\000r\000\040\000l\000a\000\040\000c\000a\000r\000a\000c\000t\000\351\000r\000i\000s\000a\000t\000i\000o\000n\000\040\000d\000e\000\040\000l\000a\000\040\000v\000a\000l\000e\000u\000r\000\040\000f\000a\000i\000b\000l\000e}{section.2}% 19
\BOOKMARK [2][-]{subsection.2.6}{\376\377\000M\000o\000t\000s\000\040\000f\000i\000n\000a\000l\000e\000\040\000s\000u\000r\000\040\000l\000a\000\040\000t\000h\000\351\000o\000r\000i\000e}{section.2}% 20
\BOOKMARK [1][-]{section.3}{\376\377\000M\000E\000S\000U\000R\000E\000\040\000E\000X\000P\000\311\000R\000I\000M\000E\000N\000T\000A\000L\000E\000\040\000D\000I\000R\000E\000C\000T\000E\000\040\000D\000'\000U\000N\000\040\000\311\000T\000A\000T\000\040\000D\000E\000\040\000P\000O\000L\000A\000R\000I\000S\000A\000T\000I\000O\000N\000\040\000E\000N\000\040\000U\000T\000I\000L\000I\000S\000A\000N\000T\000\040\000U\000N\000E\000\040\000M\000E\000S\000U\000R\000E\000\040\000F\000A\000I\000B\000L\000E\000\040\000T\000E\000M\000P\000O\000R\000E\000L\000L\000E}{}% 21
\BOOKMARK [2][-]{subsection.3.1}{\376\377\000M\000e\000s\000u\000r\000e\000\040\000d\000e\000\040\000d\000\351\000l\000a\000i\000\040\000t\000e\000m\000p\000o\000r\000e\000l\000\040\000u\000l\000t\000r\000a\000\040\000c\000o\000u\000r\000t\000e}{section.3}% 22
\BOOKMARK [3][-]{subsubsection.3.1.1}{\376\377\000L\040\031\000i\000m\000p\000o\000r\000t\000a\000n\000c\000e\000\040\000d\000e\000\040\000l\040\031\000a\000c\000q\000u\000i\000s\000i\000t\000i\000o\000n\000\040\000d\000e\000\040\000d\000o\000n\000n\000\351\000e\000s\000\040}{subsection.3.1}% 23
\BOOKMARK [3][-]{subsubsection.3.1.2}{\376\377\000A\000n\000a\000l\000y\000s\000e\000\040\000e\000t\000\040\000r\000\351\000s\000u\000l\000t\000a\000t\000s\000\040\000d\000e\000\040\000l\000'\000e\000x\000p\000\351\000r\000i\000e\000n\000c\000e\000\040\000d\000e\000\040\000l\000a\000\040\000v\000i\000t\000e\000s\000s\000e\000\040\000d\000e\000\040\000l\000a\000\040\000l\000u\000m\000i\000\350\000r\000e}{subsection.3.1}% 24
\BOOKMARK [2][-]{subsection.3.2}{\376\377\000C\000a\000r\000a\000c\000t\000\351\000r\000i\000s\000a\000t\000i\000o\000n\000\040\000d\000e\000\040\000l\000a\000\040\000p\000a\000r\000t\000i\000e\000\040\000r\000\351\000e\000l\000l\000e\000\040\000d\000e\000\040\000l\000a\000\040\000v\000a\000l\000e\000u\000r\000\040\000f\000a\000i\000b\000l\000e}{section.3}% 25
\BOOKMARK [3][-]{subsubsection.3.2.1}{\376\377\000M\000o\000n\000t\000a\000g\000e\000\040\000p\000r\000\351\000p\000o\000s\000\351\000\040\000e\000t\000\040\000\351\000t\000a\000p\000e\000\040\000d\000e\000\040\000p\000r\000\351\000p\000a\000r\000a\000t\000i\000o\000n}{subsection.3.2}% 26
\BOOKMARK [3][-]{subsubsection.3.2.2}{\376\377\000M\000e\000s\000u\000r\000e\000\040\000f\000a\000i\000b\000l\000e\000\040\000t\000e\000m\000p\000o\000r\000e\000l\000l\000e}{subsection.3.2}% 27
\BOOKMARK [2][-]{subsection.3.3}{\376\377\000C\000a\000r\000a\000c\000t\000\351\000r\000i\000s\000a\000t\000i\000o\000n\000\040\000d\000e\000\040\000l\000a\000\040\000p\000a\000r\000t\000i\000e\000\040\000i\000m\000a\000g\000i\000n\000a\000i\000r\000e\000\040\000d\000e\000\040\000l\000a\000\040\000v\000a\000l\000e\000u\000r\000\040\000f\000a\000i\000b\000l\000e}{section.3}% 28
\BOOKMARK [3][-]{subsubsection.3.3.1}{\376\377\000M\000o\000n\000t\000a\000g\000e\000\040\000p\000r\000\351\000p\000o\000s\000\351}{subsection.3.3}% 29
\BOOKMARK [3][-]{subsubsection.3.3.2}{\376\377\000R\000\351\000s\000u\000l\000t\000a\000t\000s\000\040\000a\000t\000t\000e\000n\000d\000u\000s\000\040\000t\000h\000\351\000o\000r\000i\000q\000u\000e\000s\000\040\000d\000e\000\040\000l\000a\000\040\000p\000a\000r\000t\000i\000e\000\040\000i\000m\000a\000g\000i\000n\000a\000i\000r\000e\000\040\000d\000e\000\040\000l\000a\000\040\000v\000a\000l\000e\000u\000r\000\040\000f\000a\000i\000b\000l\000e}{subsection.3.3}% 30
\BOOKMARK [1][-]{section.4}{\376\377\000R\000\311\000S\000U\000L\000T\000A\000T\000S\000\040\000E\000T\000\040\000D\000I\000S\000C\000U\000S\000S\000I\000O\000N}{}% 31
\BOOKMARK [2][-]{subsection.4.1}{\376\377\000A\000n\000a\000l\000y\000s\000e\000\040\000d\000e\000s\000\040\000r\000\351\000s\000u\000l\000t\000a\000t\000s\000\040\000e\000x\000p\000\351\000r\000i\000m\000e\000n\000t\000a\000u\000x\000\040\000p\000o\000u\000r\000\040\000l\000a\000\040\000p\000a\000r\000t\000i\000e\000\040\000r\000\351\000e\000l\000l\000e\000\040\000d\000e\000\040\000l\000a\000\040\000v\000a\000l\000e\000u\000r\000\040\000f\000a\000i\000b\000l\000e}{section.4}% 32
\BOOKMARK [3][-]{subsubsection.4.1.1}{\376\377\000L\000a\000\040\000p\000a\000r\000t\000i\000e\000\040\000r\000\351\000e\000l\000l\000e}{subsection.4.1}% 33
\BOOKMARK [3][-]{subsubsection.4.1.2}{\376\377\000D\000i\000s\000c\000u\000s\000s\000i\000o\000n\000\040\000s\000u\000r\000\040\000l\000e\000s\000\040\000r\000\351\000s\000u\000l\000t\000a\000t\000s\000\040\000e\000x\000p\000\351\000r\000i\000m\000e\000n\000t\000a\000u\000x\000\040\000d\000e\000\040\000l\000a\000\040\000p\000a\000r\000t\000i\000e\000\040\000r\000\351\000e\000l\000l\000e}{subsection.4.1}% 34
\BOOKMARK [2][-]{subsection.4.2}{\376\377\000L\000a\000\040\000p\000a\000r\000t\000i\000e\000\040\000i\000m\000a\000g\000i\000n\000a\000i\000r\000e}{section.4}% 35
\BOOKMARK [3][-]{subsubsection.4.2.1}{\376\377\000I\000m\000p\000l\000i\000c\000a\000t\000i\000o\000n\000\040\000s\000u\000r\000\040\000l\000a\000\040\000p\000a\000r\000t\000i\000e\000\040\000i\000m\000a\000g\000i\000n\000a\000i\000r\000e}{subsection.4.2}% 36
\BOOKMARK [1][-]{section.5}{\376\377\000C\000O\000N\000C\000L\000U\000S\000I\000O\000N}{}% 37
\BOOKMARK [2][-]{subsection.5.1}{\376\377\000C\000o\000n\000c\000l\000u\000s\000i\000o\000n\000\040\000s\000u\000r\000\040\000l\000a\000\040\000t\000h\000\350\000s\000e}{section.5}% 38
\BOOKMARK [2][-]{subsection.5.2}{\376\377\000A\000p\000p\000l\000i\000c\000a\000t\000i\000o\000n\000s\000\040\000e\000t\000\040\000p\000r\000o\000j\000e\000t\000s\000\040\000f\000u\000t\000u\000r\000s}{section.5}% 39
\BOOKMARK [1][-]{subsection.5.2}{\376\377\000\040\000A\000N\000N\000E\000X\000E\000\040\000A}{}% 40
\BOOKMARK [1][-]{table.4}{\376\377\000\040\000A\000N\000N\000E\000X\000E\000\040\000B}{}% 41
